<?xml version="1.0" encoding="UTF-8"?>
<!-- Generated by org.testng.reporters.JUnitXMLReporter -->
<testsuite ignored="0" hostname="L3701100373" failures="0" tests="46" name="Command line test" time="5.054" errors="0" timestamp="2022-08-17T14:40:18 EEST">
  <testcase classname="com.adasarca.imagedemo.controller.AuthenticationControllerTest" name="testAuthenticate" time="0.149"/>
  <testcase classname="com.adasarca.imagedemo.controller.AuthenticationControllerTest" name="testAuthenticate_ValidationException" time="0.016"/>
  <testcase classname="com.adasarca.imagedemo.controller.AuthenticationControllerTest" name="testSignup" time="0.01"/>
  <testcase classname="com.adasarca.imagedemo.controller.AuthenticationControllerTest" name="testSignup_DatabaseException" time="0.01"/>
  <testcase classname="com.adasarca.imagedemo.controller.AuthenticationControllerTest" name="testSignup_ValidationException" time="0.008"/>
  <testcase classname="com.adasarca.imagedemo.graphql.PostDataFetcherTest" name="testDeletePost" time="0.063"/>
  <testcase classname="com.adasarca.imagedemo.graphql.PostDataFetcherTest" name="testPosts" time="0.014"/>
  <testcase classname="com.adasarca.imagedemo.graphql.PostDataFetcherTest" name="testPosts_DatabaseException" time="0.005"/>
  <testcase classname="com.adasarca.imagedemo.graphql.PostDataFetcherTest" name="testUpdatePost" time="0.003"/>
  <testcase classname="com.adasarca.imagedemo.graphql.PostDataFetcherTest" name="testUploadPost" time="0.004"/>
  <testcase classname="com.adasarca.imagedemo.graphql.PostDataFetcherTest" name="testUploadPost_AmazonS3Exception" time="0.004"/>
  <testcase classname="com.adasarca.imagedemo.graphql.PostDataFetcherTest" name="testUploadPost_ValidationException" time="0.002"/>
  <testcase classname="com.adasarca.imagedemo.graphql.UserDataFetcherTest" name="testUser" time="0.015"/>
  <testcase classname="com.adasarca.imagedemo.graphql.UserDataFetcherTest" name="testUser_DatabaseException" time="0.004"/>
  <testcase classname="com.adasarca.imagedemo.service.PostServiceTest" name="testDelete" time="0.001"/>
  <testcase classname="com.adasarca.imagedemo.service.PostServiceTest" name="testDelete_MissingContextUser" time="0.0"/>
  <testcase classname="com.adasarca.imagedemo.service.PostServiceTest" name="testDelete_PostNotFound" time="0.001"/>
  <testcase classname="com.adasarca.imagedemo.service.PostServiceTest" name="testFindByUser" time="0.001"/>
  <testcase classname="com.adasarca.imagedemo.service.PostServiceTest" name="testFindByUser_EmptyList" time="0.001"/>
  <testcase classname="com.adasarca.imagedemo.service.PostServiceTest" name="testFindByUser_MissingContextUser" time="0.0"/>
  <testcase classname="com.adasarca.imagedemo.service.PostServiceTest" name="testFindByUser_NullList" time="0.001"/>
  <testcase classname="com.adasarca.imagedemo.service.PostServiceTest" name="testUpdate" time="0.001"/>
  <testcase classname="com.adasarca.imagedemo.service.PostServiceTest" name="testUpdate_DescriptionTooLong" time="0.0"/>
  <testcase classname="com.adasarca.imagedemo.service.PostServiceTest" name="testUpdate_MissingContextUser" time="0.0"/>
  <testcase classname="com.adasarca.imagedemo.service.PostServiceTest" name="testUpdate_PostNotFound" time="0.001"/>
  <testcase classname="com.adasarca.imagedemo.service.PostServiceTest" name="testUpload" time="0.016"/>
  <testcase classname="com.adasarca.imagedemo.service.PostServiceTest" name="testUpload_DatabaseException" time="0.003"/>
  <testcase classname="com.adasarca.imagedemo.service.PostServiceTest" name="testUpload_DescriptionTooLong" time="0.0"/>
  <testcase classname="com.adasarca.imagedemo.service.PostServiceTest" name="testUpload_InvalidContent" time="0.002"/>
  <testcase classname="com.adasarca.imagedemo.service.PostServiceTest" name="testUpload_InvalidContentType" time="0.0"/>
  <testcase classname="com.adasarca.imagedemo.service.PostServiceTest" name="testUpload_MissingContextUser" time="0.0"/>
  <testcase classname="com.adasarca.imagedemo.service.PostServiceTest" name="testUpload_MissingImageFile" time="0.0"/>
  <testcase classname="com.adasarca.imagedemo.service.security.AuthenticationServiceTest" name="testAuthenticate" time="0.006"/>
  <testcase classname="com.adasarca.imagedemo.service.security.AuthenticationServiceTest" name="testAuthenticate_EmptyRequest" time="0.001"/>
  <testcase classname="com.adasarca.imagedemo.service.security.AuthenticationServiceTest" name="testAuthenticate_InvalidCredentials" time="0.001"/>
  <testcase classname="com.adasarca.imagedemo.service.security.AuthenticationServiceTest" name="testAuthenticate_NullRequest" time="0.0"/>
  <testcase classname="com.adasarca.imagedemo.service.security.AuthenticationServiceTest" name="testSignup" time="0.002"/>
  <testcase classname="com.adasarca.imagedemo.service.security.AuthenticationServiceTest" name="testSignup_DatabaseException" time="0.002"/>
  <testcase classname="com.adasarca.imagedemo.service.security.AuthenticationServiceTest" name="testSignup_DuplicateEmail" time="0.0"/>
  <testcase classname="com.adasarca.imagedemo.service.security.AuthenticationServiceTest" name="testSignup_EmptyRequest" time="0.001"/>
  <testcase classname="com.adasarca.imagedemo.service.security.AuthenticationServiceTest" name="testSignup_InvalidEmail" time="0.0"/>
  <testcase classname="com.adasarca.imagedemo.service.security.AuthenticationServiceTest" name="testSignup_InvalidPassword" time="0.001"/>
  <testcase classname="com.adasarca.imagedemo.service.security.AuthenticationServiceTest" name="testSignup_MissingRole" time="0.0"/>
  <testcase classname="com.adasarca.imagedemo.service.security.AuthenticationServiceTest" name="testSignup_NullRequest" time="0.0"/>
  <testcase classname="com.adasarca.imagedemo.service.UserServiceTest" name="testFindById" time="0.0"/>
  <testcase classname="com.adasarca.imagedemo.service.UserServiceTest" name="testFindById_NotFound" time="0.001"/>
</testsuite> <!-- Command line test -->
